TN:
SF:/home/pierre/todo-angular/src/polyfills.ts
FNF:0
FNH:0
LF:0
LH:0
BRF:0
BRH:0
end_of_record
TN:
SF:/home/pierre/todo-angular/src/test.ts
FNF:0
FNH:0
DA:18,1
DA:23,1
DA:25,1
LF:3
LH:3
BRF:0
BRH:0
end_of_record
TN:
SF:/home/pierre/todo-angular/src/app/app.component.ts
FN:8,(anonymous_0)
FNF:1
FNH:1
FNDA:2,(anonymous_0)
DA:8,1
DA:9,2
LF:2
LH:2
BRF:0
BRH:0
end_of_record
TN:
SF:/home/pierre/todo-angular/src/app/components/page-not-found/page-not-found.component.ts
FN:10,(anonymous_0)
FN:12,(anonymous_1)
FNF:2
FNH:2
FNDA:1,(anonymous_0)
FNDA:1,(anonymous_1)
DA:8,1
LF:1
LH:1
BRF:0
BRH:0
end_of_record
TN:
SF:/home/pierre/todo-angular/src/app/components/shared/confirmation-dialog/confirmation-dialog.component.ts
FN:13,(anonymous_0)
FN:20,(anonymous_1)
FN:24,(anonymous_2)
FNF:3
FNH:3
FNDA:3,(anonymous_0)
FNDA:1,(anonymous_1)
FNDA:1,(anonymous_2)
DA:10,1
DA:11,3
DA:12,3
DA:14,3
DA:15,3
DA:16,3
DA:17,3
DA:21,1
DA:25,1
LF:9
LH:9
BRF:0
BRH:0
end_of_record
TN:
SF:/home/pierre/todo-angular/src/app/components/todo-edit/todo-edit.component.ts
FN:31,(anonymous_0)
FN:39,(anonymous_1)
FN:44,(anonymous_2)
FN:72,(anonymous_3)
FN:76,(anonymous_4)
FN:101,(anonymous_5)
FN:132,(anonymous_6)
FN:138,(anonymous_7)
FN:146,(anonymous_8)
FN:150,(anonymous_9)
FN:156,(anonymous_10)
FN:163,(anonymous_11)
FNF:12
FNH:12
FNDA:21,(anonymous_0)
FNDA:27,(anonymous_1)
FNDA:47,(anonymous_2)
FNDA:1,(anonymous_3)
FNDA:5,(anonymous_4)
FNDA:3,(anonymous_5)
FNDA:1,(anonymous_6)
FNDA:2,(anonymous_7)
FNDA:1,(anonymous_8)
FNDA:1,(anonymous_9)
FNDA:2,(anonymous_10)
FNDA:1,(anonymous_11)
DA:19,1
DA:23,21
DA:29,21
DA:31,21
DA:32,21
DA:33,21
DA:34,21
DA:35,21
DA:40,27
DA:42,27
DA:43,27
DA:44,27
DA:45,47
DA:46,47
DA:47,2
DA:48,2
DA:49,1
DA:57,2
DA:58,2
DA:59,45
DA:60,6
DA:61,39
DA:62,1
DA:63,1
DA:64,1
DA:65,38
DA:66,1
DA:73,1
DA:77,5
DA:78,5
DA:79,5
DA:84,3
DA:85,1
DA:89,1
DA:91,2
DA:95,2
DA:97,3
DA:101,3
DA:102,3
DA:103,2
DA:104,1
DA:105,1
DA:107,1
DA:108,1
DA:111,2
DA:112,1
DA:114,1
DA:115,1
DA:119,2
DA:120,1
DA:123,1
DA:133,1
DA:134,1
DA:135,1
DA:139,2
DA:140,1
DA:142,2
DA:143,2
DA:147,1
DA:151,1
DA:152,1
DA:153,1
DA:157,2
DA:158,1
DA:160,2
DA:164,1
LF:66
LH:66
BRDA:46,0,0,2
BRDA:46,0,1,45
BRDA:46,1,0,47
BRDA:46,1,1,10
BRDA:48,2,0,1
BRDA:48,2,1,1
BRDA:59,3,0,6
BRDA:59,3,1,39
BRDA:59,4,0,45
BRDA:59,4,1,8
BRDA:61,5,0,1
BRDA:61,5,1,38
BRDA:61,6,0,39
BRDA:61,6,1,2
BRDA:65,7,0,1
BRDA:65,7,1,37
BRDA:65,8,0,38
BRDA:65,8,1,1
BRDA:79,9,0,3
BRDA:79,9,1,2
BRDA:79,10,0,5
BRDA:79,10,1,4
BRDA:79,10,2,3
BRDA:79,10,3,3
BRDA:79,10,4,2
BRDA:84,11,0,1
BRDA:84,11,1,2
BRDA:102,12,0,2
BRDA:102,12,1,1
BRDA:103,13,0,1
BRDA:103,13,1,1
BRDA:111,14,0,1
BRDA:111,14,1,1
BRDA:119,15,0,1
BRDA:119,15,1,1
BRDA:139,16,0,1
BRDA:139,16,1,1
BRDA:157,17,0,1
BRDA:157,17,1,1
BRF:39
BRH:39
end_of_record
TN:
SF:/home/pierre/todo-angular/src/app/components/todo-list/todo-list.component.ts
FN:28,(anonymous_0)
FN:34,(anonymous_1)
FN:38,(anonymous_2)
FN:44,(anonymous_3)
FN:45,(anonymous_4)
FN:50,(anonymous_5)
FN:56,(anonymous_6)
FN:57,(anonymous_7)
FN:62,(anonymous_8)
FN:63,(anonymous_9)
FN:69,(anonymous_10)
FN:73,(anonymous_11)
FN:77,(anonymous_12)
FN:89,(anonymous_13)
FN:98,(anonymous_14)
FN:105,(anonymous_15)
FN:114,(anonymous_16)
FN:116,(anonymous_17)
FN:117,(anonymous_18)
FNF:19
FNH:19
FNDA:9,(anonymous_0)
FNDA:9,(anonymous_1)
FNDA:1,(anonymous_2)
FNDA:1,(anonymous_3)
FNDA:4,(anonymous_4)
FNDA:19,(anonymous_5)
FNDA:1,(anonymous_6)
FNDA:4,(anonymous_7)
FNDA:3,(anonymous_8)
FNDA:12,(anonymous_9)
FNDA:1,(anonymous_10)
FNDA:1,(anonymous_11)
FNDA:1,(anonymous_12)
FNDA:2,(anonymous_13)
FNDA:2,(anonymous_14)
FNDA:2,(anonymous_15)
FNDA:2,(anonymous_16)
FNDA:1,(anonymous_17)
FNDA:4,(anonymous_18)
DA:18,1
DA:28,9
DA:29,9
DA:30,9
DA:31,9
DA:35,9
DA:36,9
DA:39,1
DA:42,9
DA:45,4
DA:48,9
DA:51,19
DA:54,9
DA:57,4
DA:60,9
DA:63,12
DA:66,9
DA:70,1
DA:74,1
DA:78,1
DA:85,1
DA:86,1
DA:90,2
DA:94,2
DA:98,2
DA:99,2
DA:100,1
DA:106,2
DA:110,2
DA:114,2
DA:115,2
DA:116,1
DA:117,1
DA:118,4
LF:34
LH:34
BRDA:99,0,0,1
BRDA:99,0,1,1
BRDA:115,1,0,1
BRDA:115,1,1,1
BRF:4
BRH:4
end_of_record
TN:
SF:/home/pierre/todo-angular/src/app/services/data.service.ts
FN:10,(anonymous_0)
FN:12,(anonymous_1)
FN:50,(anonymous_2)
FN:51,(anonymous_3)
FNF:4
FNH:4
FNDA:4,(anonymous_0)
FNDA:1,(anonymous_1)
FNDA:2,(anonymous_2)
FNDA:4,(anonymous_3)
DA:8,1
DA:13,1
DA:47,1
DA:51,4
LF:4
LH:4
BRDA:51,0,0,1
BRDA:51,0,1,1
BRF:2
BRH:2
end_of_record
TN:
SF:/home/pierre/todo-angular/src/app/services/todo-action.service.ts
FNF:0
FNH:0
DA:4,1
DA:6,1
DA:10,1
DA:14,1
DA:18,1
DA:22,1
DA:26,1
DA:30,1
DA:34,1
LF:9
LH:9
BRF:0
BRH:0
end_of_record
TN:
SF:/home/pierre/todo-angular/src/app/services/todo-reducer.service.ts
FN:9,(anonymous_0)
FN:10,(anonymous_1)
FN:13,(anonymous_2)
FN:17,(anonymous_3)
FN:18,(anonymous_4)
FN:19,(anonymous_5)
FN:22,(anonymous_6)
FN:23,(anonymous_7)
FN:26,(anonymous_8)
FN:29,todoReducer
FNF:10
FNH:10
FNDA:9,(anonymous_0)
FNDA:3,(anonymous_1)
FNDA:2,(anonymous_2)
FNDA:2,(anonymous_3)
FNDA:27,(anonymous_4)
FNDA:3,(anonymous_5)
FNDA:1,(anonymous_6)
FNDA:2,(anonymous_7)
FNDA:5,(anonymous_8)
FNDA:84,todoReducer
DA:5,1
DA:7,1
DA:9,9
DA:11,3
DA:14,2
DA:15,2
DA:17,2
DA:18,27
DA:20,3
DA:22,1
DA:24,2
DA:26,5
DA:30,84
LF:13
LH:13
BRF:0
BRH:0
end_of_record
TN:
SF:/home/pierre/todo-angular/src/app/services/todo-state.service.ts
FN:11,(anonymous_0)
FN:14,(anonymous_1)
FNF:2
FNH:2
FNDA:1,(anonymous_0)
FNDA:1,(anonymous_1)
DA:14,1
DA:15,1
LF:2
LH:2
BRF:0
BRH:0
end_of_record
TN:
SF:/home/pierre/todo-angular/src/app/services/todo.service.ts
FN:13,(anonymous_0)
FN:16,(anonymous_1)
FN:20,(anonymous_2)
FN:24,(anonymous_3)
FN:28,(anonymous_4)
FN:32,(anonymous_5)
FN:36,(anonymous_6)
FNF:7
FNH:7
FNDA:39,(anonymous_0)
FNDA:1,(anonymous_1)
FNDA:1,(anonymous_2)
FNDA:1,(anonymous_3)
FNDA:1,(anonymous_4)
FNDA:1,(anonymous_5)
FNDA:6,(anonymous_6)
DA:9,1
DA:11,39
DA:13,39
DA:17,1
DA:21,1
DA:25,1
DA:29,1
DA:33,1
DA:37,6
DA:38,1
DA:39,5
DA:40,1
DA:42,4
LF:13
LH:13
BRDA:37,0,0,1
BRDA:37,0,1,5
BRDA:37,1,0,6
BRDA:37,1,1,5
BRDA:39,2,0,1
BRDA:39,2,1,4
BRDA:39,3,0,5
BRDA:39,3,1,1
BRF:8
BRH:8
end_of_record
